2018-01-31 09:32:05.153 +0100 INFO: org.apache.catalina.core.ContainerBase.[Catalina].[localhost].[/bonita] No Spring WebApplicationInitializer types detected on classpath
2018-01-31 09:32:05.367 +0100 INFO: org.bonitasoft.platform.setup.ScriptExecutor configuration for Database vendor: postgres
2018-01-31 09:32:05.373 +0100 INFO: org.bonitasoft.platform.setup.PlatformSetup System property org.bonitasoft.platform.setup.folder is set to C:\BonitaCommunity-7.6.1-Tomcat-8.5.23\server\..\setup
2018-01-31 09:32:05.410 +0100 INFO: org.bonitasoft.platform.setup.PlatformSetup Connected to 'postgres' database with url: 'jdbc:postgresql://127.0.0.1:5432/bonita' with user: 'postgres'
2018-01-31 09:32:05.549 +0100 INFO: org.bonitasoft.platform.setup.PlatformSetup Platform is already created.
2018-01-31 09:32:05.552 +0100 INFO: org.bonitasoft.platform.setup.PlatformSetup Upgrading default configuration with files from folder: C:\BonitaCommunity-7.6.1-Tomcat-8.5.23\server\..\setup\platform_conf\initial
2018-01-31 09:32:05.652 +0100 INFO: org.bonitasoft.engine.EngineInitializer Initializing Bonita Engine...
2018-01-31 09:32:20.899 +0100 INFO: org.bonitasoft.engine.EngineInitializer Platform is already initialized.
2018-01-31 09:32:20.899 +0100 INFO: org.bonitasoft.engine.EngineInitializer Starting node...
2018-01-31 09:32:29.028 +0100 WARNING: org.hibernate.ejb.HibernatePersistence HHH015016: Encountered a deprecated javax.persistence.spi.PersistenceProvider [org.hibernate.ejb.HibernatePersistence]; use [org.hibernate.jpa.HibernatePersistenceProvider] instead.
2018-01-31 09:32:29.028 +0100 WARNING: org.hibernate.ejb.HibernatePersistence HHH015016: Encountered a deprecated javax.persistence.spi.PersistenceProvider [org.hibernate.ejb.HibernatePersistence]; use [org.hibernate.jpa.HibernatePersistenceProvider] instead.
2018-01-31 09:32:29.028 +0100 WARNING: org.hibernate.ejb.HibernatePersistence HHH015016: Encountered a deprecated javax.persistence.spi.PersistenceProvider [org.hibernate.ejb.HibernatePersistence]; use [org.hibernate.jpa.HibernatePersistenceProvider] instead.
2018-01-31 09:32:30.519 +0100 INFO: org.bonitasoft.engine.EngineInitializer Node started successfully.
2018-01-31 09:32:30.519 +0100 INFO: org.bonitasoft.engine.EngineInitializer Initialization of Bonita Engine done! ( took 24867ms)
2018-01-31 09:32:36.044 +0100 INFO: org.bonitasoft.engine.EngineInitializer Stopping Bonita Engine...
2018-01-31 09:32:36.045 +0100 INFO: org.bonitasoft.engine.EngineInitializer Stopping node...
2018-01-31 09:32:36.168 +0100 INFO: org.bonitasoft.engine.EngineInitializer Bonita Engine stopped!
2018-01-31 09:34:05.649 +0100 INFO: org.apache.catalina.core.ContainerBase.[Catalina].[localhost].[/bonita] No Spring WebApplicationInitializer types detected on classpath
2018-01-31 09:34:05.735 +0100 INFO: org.bonitasoft.platform.setup.ScriptExecutor configuration for Database vendor: postgres
2018-01-31 09:34:05.737 +0100 INFO: org.bonitasoft.platform.setup.PlatformSetup System property org.bonitasoft.platform.setup.folder is set to C:\BonitaCommunity-7.6.1-Tomcat-8.5.23\server\..\setup
2018-01-31 09:34:05.748 +0100 INFO: org.bonitasoft.platform.setup.PlatformSetup Connected to 'postgres' database with url: 'jdbc:postgresql://127.0.0.1:5432/bonita' with user: 'postgres'
2018-01-31 09:34:05.784 +0100 INFO: org.bonitasoft.platform.setup.PlatformSetup Platform is already created.
2018-01-31 09:34:05.785 +0100 INFO: org.bonitasoft.platform.setup.PlatformSetup Upgrading default configuration with files from folder: C:\BonitaCommunity-7.6.1-Tomcat-8.5.23\server\..\setup\platform_conf\initial
2018-01-31 09:34:05.865 +0100 INFO: org.bonitasoft.engine.EngineInitializer Initializing Bonita Engine...
2018-01-31 09:34:17.591 +0100 INFO: org.bonitasoft.engine.EngineInitializer Platform is already initialized.
2018-01-31 09:34:17.591 +0100 INFO: org.bonitasoft.engine.EngineInitializer Starting node...
2018-01-31 09:34:22.535 +0100 WARNING: org.hibernate.ejb.HibernatePersistence HHH015016: Encountered a deprecated javax.persistence.spi.PersistenceProvider [org.hibernate.ejb.HibernatePersistence]; use [org.hibernate.jpa.HibernatePersistenceProvider] instead.
2018-01-31 09:34:22.535 +0100 WARNING: org.hibernate.ejb.HibernatePersistence HHH015016: Encountered a deprecated javax.persistence.spi.PersistenceProvider [org.hibernate.ejb.HibernatePersistence]; use [org.hibernate.jpa.HibernatePersistenceProvider] instead.
2018-01-31 09:34:22.535 +0100 WARNING: org.hibernate.ejb.HibernatePersistence HHH015016: Encountered a deprecated javax.persistence.spi.PersistenceProvider [org.hibernate.ejb.HibernatePersistence]; use [org.hibernate.jpa.HibernatePersistenceProvider] instead.
2018-01-31 09:34:23.519 +0100 INFO: org.bonitasoft.engine.EngineInitializer Node started successfully.
2018-01-31 09:34:23.520 +0100 INFO: org.bonitasoft.engine.EngineInitializer Initialization of Bonita Engine done! ( took 17655ms)
2018-01-31 09:35:00.429 +0100 INFO: org.apache.catalina.core.ContainerBase.[Catalina].[localhost].[/bonita] RestletServlet: [Restlet] ServerServlet: component class is null
2018-01-31 09:35:01.050 +0100 INFO: org.apache.catalina.core.ContainerBase.[Catalina].[localhost].[/bonita] RestletServlet: [Restlet] Attaching application: org.bonitasoft.web.rest.server.BonitaRestletApplication@76243966 to URI: /bonita/API
2018-01-31 09:35:01.067 +0100 INFO: org.restlet.Component.BonitaRestletApplication Starting org.bonitasoft.web.rest.server.BonitaRestletApplication application
2018-01-31 09:36:37.235 +0100 INFO: org.bonitasoft.engine.EngineInitializer Stopping Bonita Engine...
2018-01-31 09:36:37.239 +0100 INFO: org.bonitasoft.engine.EngineInitializer Stopping node...
2018-01-31 09:36:37.571 +0100 INFO: org.bonitasoft.engine.EngineInitializer Bonita Engine stopped!
2018-01-31 09:40:16.054 +0100 INFO: org.apache.catalina.core.ContainerBase.[Catalina].[localhost].[/bonita] No Spring WebApplicationInitializer types detected on classpath
2018-01-31 09:40:16.153 +0100 INFO: org.bonitasoft.platform.setup.ScriptExecutor configuration for Database vendor: postgres
2018-01-31 09:40:16.156 +0100 INFO: org.bonitasoft.platform.setup.PlatformSetup System property org.bonitasoft.platform.setup.folder is set to C:\BonitaCommunity-7.6.1-Tomcat-8.5.23\server\..\setup
2018-01-31 09:40:16.168 +0100 INFO: org.bonitasoft.platform.setup.PlatformSetup Connected to 'postgres' database with url: 'jdbc:postgresql://127.0.0.1:5432/bonita' with user: 'postgres'
2018-01-31 09:40:16.205 +0100 INFO: org.bonitasoft.platform.setup.PlatformSetup Platform is already created.
2018-01-31 09:40:16.206 +0100 INFO: org.bonitasoft.platform.setup.PlatformSetup Upgrading default configuration with files from folder: C:\BonitaCommunity-7.6.1-Tomcat-8.5.23\server\..\setup\platform_conf\initial
2018-01-31 09:40:16.254 +0100 INFO: org.bonitasoft.engine.EngineInitializer Initializing Bonita Engine...
2018-01-31 09:40:27.740 +0100 INFO: org.bonitasoft.engine.EngineInitializer Platform is already initialized.
2018-01-31 09:40:27.740 +0100 INFO: org.bonitasoft.engine.EngineInitializer Starting node...
2018-01-31 09:40:33.383 +0100 WARNING: org.hibernate.ejb.HibernatePersistence HHH015016: Encountered a deprecated javax.persistence.spi.PersistenceProvider [org.hibernate.ejb.HibernatePersistence]; use [org.hibernate.jpa.HibernatePersistenceProvider] instead.
2018-01-31 09:40:33.383 +0100 WARNING: org.hibernate.ejb.HibernatePersistence HHH015016: Encountered a deprecated javax.persistence.spi.PersistenceProvider [org.hibernate.ejb.HibernatePersistence]; use [org.hibernate.jpa.HibernatePersistenceProvider] instead.
2018-01-31 09:40:33.383 +0100 WARNING: org.hibernate.ejb.HibernatePersistence HHH015016: Encountered a deprecated javax.persistence.spi.PersistenceProvider [org.hibernate.ejb.HibernatePersistence]; use [org.hibernate.jpa.HibernatePersistenceProvider] instead.
2018-01-31 09:40:34.613 +0100 INFO: org.bonitasoft.engine.EngineInitializer Node started successfully.
2018-01-31 09:40:34.613 +0100 INFO: org.bonitasoft.engine.EngineInitializer Initialization of Bonita Engine done! ( took 18359ms)
2018-01-31 09:41:03.157 +0100 INFO: org.apache.catalina.core.ContainerBase.[Catalina].[localhost].[/bonita] RestletServlet: [Restlet] ServerServlet: component class is null
2018-01-31 09:41:33.251 +0100 INFO: org.bonitasoft.engine.EngineInitializer Stopping Bonita Engine...
2018-01-31 09:41:33.251 +0100 INFO: org.bonitasoft.engine.EngineInitializer Stopping node...
2018-01-31 09:41:33.457 +0100 INFO: org.bonitasoft.engine.EngineInitializer Bonita Engine stopped!
2018-01-31 09:44:44.175 +0100 INFO: org.apache.catalina.core.ContainerBase.[Catalina].[localhost].[/bonita] No Spring WebApplicationInitializer types detected on classpath
2018-01-31 09:44:44.263 +0100 INFO: org.bonitasoft.platform.setup.ScriptExecutor configuration for Database vendor: postgres
2018-01-31 09:44:44.265 +0100 INFO: org.bonitasoft.platform.setup.PlatformSetup System property org.bonitasoft.platform.setup.folder is set to C:\BonitaCommunity-7.6.1-Tomcat-8.5.23\server\..\setup
2018-01-31 09:44:44.276 +0100 INFO: org.bonitasoft.platform.setup.PlatformSetup Connected to 'postgres' database with url: 'jdbc:postgresql://127.0.0.1:5432/bonita' with user: 'postgres'
2018-01-31 09:44:44.321 +0100 INFO: org.bonitasoft.platform.setup.PlatformSetup Platform is already created.
2018-01-31 09:44:44.322 +0100 INFO: org.bonitasoft.platform.setup.PlatformSetup Upgrading default configuration with files from folder: C:\BonitaCommunity-7.6.1-Tomcat-8.5.23\server\..\setup\platform_conf\initial
2018-01-31 09:44:44.387 +0100 INFO: org.bonitasoft.engine.EngineInitializer Initializing Bonita Engine...
2018-01-31 09:44:57.454 +0100 INFO: org.bonitasoft.engine.EngineInitializer Platform is already initialized.
2018-01-31 09:44:57.454 +0100 INFO: org.bonitasoft.engine.EngineInitializer Starting node...
2018-01-31 09:45:02.763 +0100 WARNING: org.hibernate.ejb.HibernatePersistence HHH015016: Encountered a deprecated javax.persistence.spi.PersistenceProvider [org.hibernate.ejb.HibernatePersistence]; use [org.hibernate.jpa.HibernatePersistenceProvider] instead.
2018-01-31 09:45:02.763 +0100 WARNING: org.hibernate.ejb.HibernatePersistence HHH015016: Encountered a deprecated javax.persistence.spi.PersistenceProvider [org.hibernate.ejb.HibernatePersistence]; use [org.hibernate.jpa.HibernatePersistenceProvider] instead.
2018-01-31 09:45:02.763 +0100 WARNING: org.hibernate.ejb.HibernatePersistence HHH015016: Encountered a deprecated javax.persistence.spi.PersistenceProvider [org.hibernate.ejb.HibernatePersistence]; use [org.hibernate.jpa.HibernatePersistenceProvider] instead.
2018-01-31 09:45:03.925 +0100 INFO: org.bonitasoft.engine.EngineInitializer Node started successfully.
2018-01-31 09:45:03.925 +0100 INFO: org.bonitasoft.engine.EngineInitializer Initialization of Bonita Engine done! ( took 19538ms)
2018-01-31 09:45:25.693 +0100 INFO: org.apache.catalina.core.ContainerBase.[Catalina].[localhost].[/bonita] RestletServlet: [Restlet] ServerServlet: component class is null
2018-01-31 09:47:06.308 +0100 WARNING: org.hibernate.ejb.HibernatePersistence HHH015016: Encountered a deprecated javax.persistence.spi.PersistenceProvider [org.hibernate.ejb.HibernatePersistence]; use [org.hibernate.jpa.HibernatePersistenceProvider] instead.
2018-01-31 09:47:06.309 +0100 WARNING: org.hibernate.ejb.HibernatePersistence HHH015016: Encountered a deprecated javax.persistence.spi.PersistenceProvider [org.hibernate.ejb.HibernatePersistence]; use [org.hibernate.jpa.HibernatePersistenceProvider] instead.
2018-01-31 09:47:06.309 +0100 WARNING: org.hibernate.ejb.HibernatePersistence HHH015016: Encountered a deprecated javax.persistence.spi.PersistenceProvider [org.hibernate.ejb.HibernatePersistence]; use [org.hibernate.jpa.HibernatePersistenceProvider] instead.
2018-01-31 10:02:05.662 +0100 INFO: org.bonitasoft.engine.EngineInitializer Stopping Bonita Engine...
2018-01-31 10:02:05.662 +0100 INFO: org.bonitasoft.engine.EngineInitializer Stopping node...
2018-01-31 10:02:06.037 +0100 INFO: org.bonitasoft.engine.EngineInitializer Bonita Engine stopped!
