2018-01-29 10:07:45.885 +0100 INFO: org.apache.catalina.startup.VersionLoggerListener Server version:        Apache Tomcat/8.5.23
2018-01-29 10:07:45.899 +0100 INFO: org.apache.catalina.startup.VersionLoggerListener Server built:          Sep 28 2017 10:30:11 UTC
2018-01-29 10:07:45.899 +0100 INFO: org.apache.catalina.startup.VersionLoggerListener Server number:         8.5.23.0
2018-01-29 10:07:45.900 +0100 INFO: org.apache.catalina.startup.VersionLoggerListener OS Name:               Windows 10
2018-01-29 10:07:45.901 +0100 INFO: org.apache.catalina.startup.VersionLoggerListener OS Version:            10.0
2018-01-29 10:07:45.902 +0100 INFO: org.apache.catalina.startup.VersionLoggerListener Architecture:          amd64
2018-01-29 10:07:45.903 +0100 INFO: org.apache.catalina.startup.VersionLoggerListener Java Home:             C:\Program Files\Java\jdk1.8.0_151\jre
2018-01-29 10:07:45.904 +0100 INFO: org.apache.catalina.startup.VersionLoggerListener JVM Version:           1.8.0_151-b12
2018-01-29 10:07:45.904 +0100 INFO: org.apache.catalina.startup.VersionLoggerListener JVM Vendor:            Oracle Corporation
2018-01-29 10:07:45.905 +0100 INFO: org.apache.catalina.startup.VersionLoggerListener CATALINA_BASE:         C:\BonitaCommunity-7.6.1-Tomcat-8.5.23\server
2018-01-29 10:07:45.905 +0100 INFO: org.apache.catalina.startup.VersionLoggerListener CATALINA_HOME:         C:\BonitaCommunity-7.6.1-Tomcat-8.5.23\server
2018-01-29 10:07:45.906 +0100 INFO: org.apache.catalina.startup.VersionLoggerListener Command line argument: -Djava.util.logging.config.file=C:\BonitaCommunity-7.6.1-Tomcat-8.5.23\server\conf\logging.properties
2018-01-29 10:07:45.906 +0100 INFO: org.apache.catalina.startup.VersionLoggerListener Command line argument: -Djava.util.logging.manager=org.apache.juli.ClassLoaderLogManager
2018-01-29 10:07:45.906 +0100 INFO: org.apache.catalina.startup.VersionLoggerListener Command line argument: -Djdk.tls.ephemeralDHKeySize=2048
2018-01-29 10:07:45.907 +0100 INFO: org.apache.catalina.startup.VersionLoggerListener Command line argument: -Djava.protocol.handler.pkgs=org.apache.catalina.webresources
2018-01-29 10:07:45.907 +0100 INFO: org.apache.catalina.startup.VersionLoggerListener Command line argument: -Dorg.bonitasoft.platform.setup.folder=C:\BonitaCommunity-7.6.1-Tomcat-8.5.23\server\..\setup
2018-01-29 10:07:45.911 +0100 INFO: org.apache.catalina.startup.VersionLoggerListener Command line argument: -Dorg.bonitasoft.h2.database.dir=C:\BonitaCommunity-7.6.1-Tomcat-8.5.23\server\..\h2_database
2018-01-29 10:07:45.912 +0100 INFO: org.apache.catalina.startup.VersionLoggerListener Command line argument: -Dsysprop.bonita.db.vendor=postgres
2018-01-29 10:07:45.913 +0100 INFO: org.apache.catalina.startup.VersionLoggerListener Command line argument: -Dsysprop.bonita.bdm.db.vendor=postgres
2018-01-29 10:07:45.913 +0100 INFO: org.apache.catalina.startup.VersionLoggerListener Command line argument: -Dbtm.root=C:\BonitaCommunity-7.6.1-Tomcat-8.5.23\server
2018-01-29 10:07:45.915 +0100 INFO: org.apache.catalina.startup.VersionLoggerListener Command line argument: -Dbitronix.tm.configuration=C:\BonitaCommunity-7.6.1-Tomcat-8.5.23\server\conf\bitronix-config.properties
2018-01-29 10:07:45.915 +0100 INFO: org.apache.catalina.startup.VersionLoggerListener Command line argument: -Dorg.bonitasoft.engine.incident.folder=C:\BonitaCommunity-7.6.1-Tomcat-8.5.23\server\logs
2018-01-29 10:07:45.916 +0100 INFO: org.apache.catalina.startup.VersionLoggerListener Command line argument: -Dfile.encoding=UTF-8
2018-01-29 10:07:45.917 +0100 INFO: org.apache.catalina.startup.VersionLoggerListener Command line argument: -Xshare:auto
2018-01-29 10:07:45.917 +0100 INFO: org.apache.catalina.startup.VersionLoggerListener Command line argument: -Xms1024m
2018-01-29 10:07:45.918 +0100 INFO: org.apache.catalina.startup.VersionLoggerListener Command line argument: -Xmx1024m
2018-01-29 10:07:45.921 +0100 INFO: org.apache.catalina.startup.VersionLoggerListener Command line argument: -XX:+HeapDumpOnOutOfMemoryError
2018-01-29 10:07:45.921 +0100 INFO: org.apache.catalina.startup.VersionLoggerListener Command line argument: -Dcatalina.base=C:\BonitaCommunity-7.6.1-Tomcat-8.5.23\server
2018-01-29 10:07:45.924 +0100 INFO: org.apache.catalina.startup.VersionLoggerListener Command line argument: -Dcatalina.home=C:\BonitaCommunity-7.6.1-Tomcat-8.5.23\server
2018-01-29 10:07:45.925 +0100 INFO: org.apache.catalina.startup.VersionLoggerListener Command line argument: -Djava.io.tmpdir=C:\BonitaCommunity-7.6.1-Tomcat-8.5.23\server\temp
2018-01-29 10:07:45.926 +0100 INFO: org.apache.catalina.core.AprLifecycleListener The APR based Apache Tomcat Native library which allows optimal performance in production environments was not found on the java.library.path: [C:\Program Files\Java\jdk1.8.0_151\bin;C:\WINDOWS\Sun\Java\bin;C:\WINDOWS\system32;C:\WINDOWS;C:\ProgramData\Oracle\Java\javapath;C:\Program Files (x86)\Intel\iCLS Client\;C:\Program Files\Intel\iCLS Client\;C:\Windows\system32;C:\Windows;C:\Windows\System32\Wbem;C:\Windows\System32\WindowsPowerShell\v1.0\;C:\Program Files (x86)\NVIDIA Corporation\PhysX\Common;C:\Program Files (x86)\Intel\Intel(R) Management Engine Components\DAL;C:\Program Files\Intel\Intel(R) Management Engine Components\DAL;C:\Program Files (x86)\Intel\Intel(R) Management Engine Components\IPT;C:\Program Files\Intel\Intel(R) Management Engine Components\IPT;C:\Program Files\Intel\WiFi\bin\;C:\Program Files\Common Files\Intel\WirelessCommon\;C:\Program Files\TortoiseSVN\bin;C:\Program Files\nodejs\;C:\WINDOWS\system32;C:\WINDOWS;C:\WINDOWS\System32\Wbem;C:\WINDOWS\System32\WindowsPowerShell\v1.0\;C:\Program Files (x86)\NoteBook FanControl\;C:\Program Files\Git\cmd;C:\Program Files\Java\jdk1.8.0_151\bin;C:\Program Files\Apache Software Foundation\apache-ant-1.10.1\bin;C:\Program Files\Apache Software Foundation\apache-maven-3.5.2\bin;C:\Users\Clara\AppData\Local\Microsoft\WindowsApps;C:\Users\Clara\AppData\Roaming\npm;;.]
2018-01-29 10:07:46.453 +0100 INFO: org.apache.coyote.http11.Http11NioProtocol Initializing ProtocolHandler ["http-nio-8080"]
2018-01-29 10:07:46.637 +0100 INFO: org.apache.tomcat.util.net.NioSelectorPool Using a shared selector for servlet write/read
2018-01-29 10:07:46.641 +0100 INFO: org.apache.coyote.ajp.AjpNioProtocol Initializing ProtocolHandler ["ajp-nio-8009"]
2018-01-29 10:07:46.645 +0100 INFO: org.apache.tomcat.util.net.NioSelectorPool Using a shared selector for servlet write/read
2018-01-29 10:07:46.646 +0100 INFO: org.apache.catalina.startup.Catalina Initialization processed in 1183 ms
2018-01-29 10:07:46.647 +0100 INFO: bitronix.tm.integration.tomcat55.BTMLifecycleListener Starting Bitronix Transaction Manager
2018-01-29 10:07:46.666 +0100 INFO: bitronix.tm.BitronixTransactionManager Bitronix Transaction Manager version 2.1.3
2018-01-29 10:07:46.669 +0100 INFO: bitronix.tm.Configuration JVM unique ID: <bonita-tomcat-btm-node0>
2018-01-29 10:07:46.850 +0100 INFO: bitronix.tm.resource.ResourceLoader reading resources configuration from C:\BonitaCommunity-7.6.1-Tomcat-8.5.23\server/conf/bitronix-resources.properties
2018-01-29 10:07:47.086 +0100 INFO: bitronix.tm.recovery.Recoverer recovery committed 0 dangling transaction(s) and rolled back 0 aborted transaction(s) on 2 resource(s) [jdbc/BusinessDataDSXA, jdbc/bonitaDSXA] (restricted to serverId 'bonita-tomcat-btm-node0')
2018-01-29 10:07:47.111 +0100 INFO: org.apache.catalina.core.StandardService Starting service [Catalina]
2018-01-29 10:07:47.113 +0100 INFO: org.apache.catalina.core.StandardEngine Starting Servlet Engine: Apache Tomcat/8.5.23
2018-01-29 10:07:47.121 +0100 INFO: org.apache.catalina.startup.HostConfig Deploying configuration descriptor [C:\BonitaCommunity-7.6.1-Tomcat-8.5.23\server\conf\Catalina\localhost\bonita.xml]
2018-01-29 10:08:08.588 +0100 INFO: org.apache.jasper.servlet.TldScanner At least one JAR was scanned for TLDs yet contained no TLDs. Enable debug logging for this logger for a complete list of JARs that were scanned but no TLDs were found in them. Skipping unneeded JARs during scanning can improve startup time and JSP compilation time.
2018-01-29 10:08:21.484 +0100 INFO: org.quartz.core.SchedulerSignalerImpl Initialized Scheduler Signaller of type: class org.quartz.core.SchedulerSignalerImpl
2018-01-29 10:08:21.485 +0100 INFO: org.quartz.core.QuartzScheduler Quartz Scheduler v.2.2.1 created.
2018-01-29 10:08:21.488 +0100 INFO: org.quartz.plugins.management.ShutdownHookPlugin Registering Quartz shutdown hook.
2018-01-29 10:08:21.495 +0100 INFO: org.quartz.core.QuartzScheduler Scheduler meta-data: Quartz Scheduler (v2.2.1) 'QuartzScheduler' with instanceId 'NON_CLUSTERED'
  Scheduler class: 'org.quartz.core.QuartzScheduler' - running locally.
  NOT STARTED.
  Currently in standby mode.
  Number of jobs executed: 0
  Using thread pool 'org.quartz.simpl.SimpleThreadPool' - with 5 threads.
  Using job-store 'org.bonitasoft.engine.scheduler.impl.BonitaJobStoreCMT' - which supports persistence. and is not clustered.

2018-01-29 10:08:21.498 +0100 INFO: org.quartz.core.QuartzScheduler JobFactory set to: org.bonitasoft.engine.scheduler.impl.TransactionalSimpleJobFactory@796c8bc9
2018-01-29 10:08:21.543 +0100 INFO: org.quartz.core.QuartzScheduler Scheduler QuartzScheduler_$_NON_CLUSTERED started.
2018-01-29 10:08:25.514 +0100 INFO: org.apache.catalina.startup.HostConfig Deployment of configuration descriptor [C:\BonitaCommunity-7.6.1-Tomcat-8.5.23\server\conf\Catalina\localhost\bonita.xml] has finished in [38,393] ms
2018-01-29 10:08:25.517 +0100 INFO: org.apache.catalina.startup.HostConfig Deploying web application directory [C:\BonitaCommunity-7.6.1-Tomcat-8.5.23\server\webapps\manager]
2018-01-29 10:08:25.664 +0100 INFO: org.apache.jasper.servlet.TldScanner At least one JAR was scanned for TLDs yet contained no TLDs. Enable debug logging for this logger for a complete list of JARs that were scanned but no TLDs were found in them. Skipping unneeded JARs during scanning can improve startup time and JSP compilation time.
2018-01-29 10:08:25.670 +0100 INFO: org.apache.catalina.startup.HostConfig Deployment of web application directory [C:\BonitaCommunity-7.6.1-Tomcat-8.5.23\server\webapps\manager] has finished in [154] ms
2018-01-29 10:08:25.671 +0100 INFO: org.apache.catalina.startup.HostConfig Deploying web application directory [C:\BonitaCommunity-7.6.1-Tomcat-8.5.23\server\webapps\ROOT]
2018-01-29 10:08:25.769 +0100 INFO: org.apache.jasper.servlet.TldScanner At least one JAR was scanned for TLDs yet contained no TLDs. Enable debug logging for this logger for a complete list of JARs that were scanned but no TLDs were found in them. Skipping unneeded JARs during scanning can improve startup time and JSP compilation time.
2018-01-29 10:08:25.773 +0100 INFO: org.apache.catalina.startup.HostConfig Deployment of web application directory [C:\BonitaCommunity-7.6.1-Tomcat-8.5.23\server\webapps\ROOT] has finished in [102] ms
2018-01-29 10:08:25.777 +0100 INFO: org.apache.coyote.http11.Http11NioProtocol Starting ProtocolHandler ["http-nio-8080"]
2018-01-29 10:08:25.787 +0100 INFO: org.apache.coyote.ajp.AjpNioProtocol Starting ProtocolHandler ["ajp-nio-8009"]
2018-01-29 10:08:25.794 +0100 INFO: org.apache.catalina.startup.Catalina Server startup in 39146 ms
2018-01-29 10:09:50.692 +0100 INFO: org.apache.catalina.core.StandardServer A valid shutdown command was received via the shutdown port. Stopping the Server instance.
2018-01-29 10:09:50.694 +0100 INFO: org.apache.coyote.http11.Http11NioProtocol Pausing ProtocolHandler ["http-nio-8080"]
2018-01-29 10:09:50.800 +0100 INFO: org.apache.coyote.ajp.AjpNioProtocol Pausing ProtocolHandler ["ajp-nio-8009"]
2018-01-29 10:09:50.931 +0100 INFO: org.apache.catalina.core.StandardService Stopping service [Catalina]
2018-01-29 10:09:50.959 +0100 INFO: org.quartz.core.QuartzScheduler Scheduler QuartzScheduler_$_NON_CLUSTERED shutting down.
2018-01-29 10:09:50.959 +0100 INFO: org.quartz.core.QuartzScheduler Scheduler QuartzScheduler_$_NON_CLUSTERED paused.
2018-01-29 10:09:51.112 +0100 INFO: org.quartz.core.QuartzScheduler Scheduler QuartzScheduler_$_NON_CLUSTERED shutdown complete.
2018-01-29 10:09:51.199 +0100 SEVERE: org.apache.catalina.loader.WebappClassLoaderBase The web application [bonita] created a ThreadLocal with key of type [org.bonitasoft.engine.transaction.JTATransactionServiceImpl.TransactionServiceContextThreadLocal] (value [org.bonitasoft.engine.transaction.JTATransactionServiceImpl$TransactionServiceContextThreadLocal@5ff0a02f]) and a value of type [org.bonitasoft.engine.transaction.JTATransactionServiceImpl.TransactionServiceContext] (value [org.bonitasoft.engine.transaction.JTATransactionServiceImpl$TransactionServiceContext@15e4cb1f]) but failed to remove it when the web application was stopped. Threads are going to be renewed over time to try and avoid a probable memory leak.
2018-01-29 10:09:51.209 +0100 INFO: org.apache.coyote.http11.Http11NioProtocol Stopping ProtocolHandler ["http-nio-8080"]
2018-01-29 10:09:51.212 +0100 INFO: org.apache.coyote.ajp.AjpNioProtocol Stopping ProtocolHandler ["ajp-nio-8009"]
2018-01-29 10:09:51.214 +0100 INFO: bitronix.tm.integration.tomcat55.BTMLifecycleListener Shutting down Bitronix Transaction Manager
2018-01-29 10:09:51.214 +0100 INFO: bitronix.tm.BitronixTransactionManager shutting down Bitronix Transaction Manager
2018-01-29 10:09:51.649 +0100 INFO: org.apache.coyote.http11.Http11NioProtocol Destroying ProtocolHandler ["http-nio-8080"]
2018-01-29 10:09:51.651 +0100 INFO: org.apache.coyote.ajp.AjpNioProtocol Destroying ProtocolHandler ["ajp-nio-8009"]
2018-01-29 10:09:59.797 +0100 INFO: org.apache.catalina.startup.VersionLoggerListener Server version:        Apache Tomcat/8.5.23
2018-01-29 10:09:59.798 +0100 INFO: org.apache.catalina.startup.VersionLoggerListener Server built:          Sep 28 2017 10:30:11 UTC
2018-01-29 10:09:59.799 +0100 INFO: org.apache.catalina.startup.VersionLoggerListener Server number:         8.5.23.0
2018-01-29 10:09:59.799 +0100 INFO: org.apache.catalina.startup.VersionLoggerListener OS Name:               Windows 10
2018-01-29 10:09:59.800 +0100 INFO: org.apache.catalina.startup.VersionLoggerListener OS Version:            10.0
2018-01-29 10:09:59.800 +0100 INFO: org.apache.catalina.startup.VersionLoggerListener Architecture:          amd64
2018-01-29 10:09:59.801 +0100 INFO: org.apache.catalina.startup.VersionLoggerListener Java Home:             C:\Program Files\Java\jdk1.8.0_151\jre
2018-01-29 10:09:59.801 +0100 INFO: org.apache.catalina.startup.VersionLoggerListener JVM Version:           1.8.0_151-b12
2018-01-29 10:09:59.802 +0100 INFO: org.apache.catalina.startup.VersionLoggerListener JVM Vendor:            Oracle Corporation
2018-01-29 10:09:59.802 +0100 INFO: org.apache.catalina.startup.VersionLoggerListener CATALINA_BASE:         C:\BonitaCommunity-7.6.1-Tomcat-8.5.23\server
2018-01-29 10:09:59.803 +0100 INFO: org.apache.catalina.startup.VersionLoggerListener CATALINA_HOME:         C:\BonitaCommunity-7.6.1-Tomcat-8.5.23\server
2018-01-29 10:09:59.803 +0100 INFO: org.apache.catalina.startup.VersionLoggerListener Command line argument: -Djava.util.logging.config.file=C:\BonitaCommunity-7.6.1-Tomcat-8.5.23\server\conf\logging.properties
2018-01-29 10:09:59.804 +0100 INFO: org.apache.catalina.startup.VersionLoggerListener Command line argument: -Djava.util.logging.manager=org.apache.juli.ClassLoaderLogManager
2018-01-29 10:09:59.804 +0100 INFO: org.apache.catalina.startup.VersionLoggerListener Command line argument: -Djdk.tls.ephemeralDHKeySize=2048
2018-01-29 10:09:59.804 +0100 INFO: org.apache.catalina.startup.VersionLoggerListener Command line argument: -Djava.protocol.handler.pkgs=org.apache.catalina.webresources
2018-01-29 10:09:59.804 +0100 INFO: org.apache.catalina.startup.VersionLoggerListener Command line argument: -Dorg.bonitasoft.platform.setup.folder=C:\BonitaCommunity-7.6.1-Tomcat-8.5.23\server\..\setup
2018-01-29 10:09:59.805 +0100 INFO: org.apache.catalina.startup.VersionLoggerListener Command line argument: -Dorg.bonitasoft.h2.database.dir=C:\BonitaCommunity-7.6.1-Tomcat-8.5.23\server\..\h2_database
2018-01-29 10:09:59.806 +0100 INFO: org.apache.catalina.startup.VersionLoggerListener Command line argument: -Dsysprop.bonita.db.vendor=postgres
2018-01-29 10:09:59.806 +0100 INFO: org.apache.catalina.startup.VersionLoggerListener Command line argument: -Dsysprop.bonita.bdm.db.vendor=postgres
2018-01-29 10:09:59.807 +0100 INFO: org.apache.catalina.startup.VersionLoggerListener Command line argument: -Dbtm.root=C:\BonitaCommunity-7.6.1-Tomcat-8.5.23\server
2018-01-29 10:09:59.808 +0100 INFO: org.apache.catalina.startup.VersionLoggerListener Command line argument: -Dbitronix.tm.configuration=C:\BonitaCommunity-7.6.1-Tomcat-8.5.23\server\conf\bitronix-config.properties
2018-01-29 10:09:59.811 +0100 INFO: org.apache.catalina.startup.VersionLoggerListener Command line argument: -Dorg.bonitasoft.engine.incident.folder=C:\BonitaCommunity-7.6.1-Tomcat-8.5.23\server\logs
2018-01-29 10:09:59.812 +0100 INFO: org.apache.catalina.startup.VersionLoggerListener Command line argument: -Dfile.encoding=UTF-8
2018-01-29 10:09:59.812 +0100 INFO: org.apache.catalina.startup.VersionLoggerListener Command line argument: -Xshare:auto
2018-01-29 10:09:59.813 +0100 INFO: org.apache.catalina.startup.VersionLoggerListener Command line argument: -Xms1024m
2018-01-29 10:09:59.813 +0100 INFO: org.apache.catalina.startup.VersionLoggerListener Command line argument: -Xmx1024m
2018-01-29 10:09:59.814 +0100 INFO: org.apache.catalina.startup.VersionLoggerListener Command line argument: -XX:+HeapDumpOnOutOfMemoryError
2018-01-29 10:09:59.815 +0100 INFO: org.apache.catalina.startup.VersionLoggerListener Command line argument: -Dcatalina.base=C:\BonitaCommunity-7.6.1-Tomcat-8.5.23\server
2018-01-29 10:09:59.815 +0100 INFO: org.apache.catalina.startup.VersionLoggerListener Command line argument: -Dcatalina.home=C:\BonitaCommunity-7.6.1-Tomcat-8.5.23\server
2018-01-29 10:09:59.816 +0100 INFO: org.apache.catalina.startup.VersionLoggerListener Command line argument: -Djava.io.tmpdir=C:\BonitaCommunity-7.6.1-Tomcat-8.5.23\server\temp
2018-01-29 10:09:59.816 +0100 INFO: org.apache.catalina.core.AprLifecycleListener The APR based Apache Tomcat Native library which allows optimal performance in production environments was not found on the java.library.path: [C:\Program Files\Java\jdk1.8.0_151\bin;C:\WINDOWS\Sun\Java\bin;C:\WINDOWS\system32;C:\WINDOWS;C:\ProgramData\Oracle\Java\javapath;C:\Program Files (x86)\Intel\iCLS Client\;C:\Program Files\Intel\iCLS Client\;C:\Windows\system32;C:\Windows;C:\Windows\System32\Wbem;C:\Windows\System32\WindowsPowerShell\v1.0\;C:\Program Files (x86)\NVIDIA Corporation\PhysX\Common;C:\Program Files (x86)\Intel\Intel(R) Management Engine Components\DAL;C:\Program Files\Intel\Intel(R) Management Engine Components\DAL;C:\Program Files (x86)\Intel\Intel(R) Management Engine Components\IPT;C:\Program Files\Intel\Intel(R) Management Engine Components\IPT;C:\Program Files\Intel\WiFi\bin\;C:\Program Files\Common Files\Intel\WirelessCommon\;C:\Program Files\TortoiseSVN\bin;C:\Program Files\nodejs\;C:\WINDOWS\system32;C:\WINDOWS;C:\WINDOWS\System32\Wbem;C:\WINDOWS\System32\WindowsPowerShell\v1.0\;C:\Program Files (x86)\NoteBook FanControl\;C:\Program Files\Git\cmd;C:\Program Files\Java\jdk1.8.0_151\bin;C:\Program Files\Apache Software Foundation\apache-ant-1.10.1\bin;C:\Program Files\Apache Software Foundation\apache-maven-3.5.2\bin;C:\Users\Clara\AppData\Local\Microsoft\WindowsApps;C:\Users\Clara\AppData\Roaming\npm;;.]
2018-01-29 10:09:59.948 +0100 INFO: org.apache.coyote.http11.Http11NioProtocol Initializing ProtocolHandler ["http-nio-8080"]
2018-01-29 10:10:00.100 +0100 INFO: org.apache.tomcat.util.net.NioSelectorPool Using a shared selector for servlet write/read
2018-01-29 10:10:00.103 +0100 INFO: org.apache.coyote.ajp.AjpNioProtocol Initializing ProtocolHandler ["ajp-nio-8009"]
2018-01-29 10:10:00.106 +0100 INFO: org.apache.tomcat.util.net.NioSelectorPool Using a shared selector for servlet write/read
2018-01-29 10:10:00.107 +0100 INFO: org.apache.catalina.startup.Catalina Initialization processed in 681 ms
2018-01-29 10:10:00.107 +0100 INFO: bitronix.tm.integration.tomcat55.BTMLifecycleListener Starting Bitronix Transaction Manager
2018-01-29 10:10:00.133 +0100 INFO: bitronix.tm.BitronixTransactionManager Bitronix Transaction Manager version 2.1.3
2018-01-29 10:10:00.136 +0100 INFO: bitronix.tm.Configuration JVM unique ID: <bonita-tomcat-btm-node0>
2018-01-29 10:10:00.148 +0100 INFO: bitronix.tm.resource.ResourceLoader reading resources configuration from C:\BonitaCommunity-7.6.1-Tomcat-8.5.23\server/conf/bitronix-resources.properties
2018-01-29 10:10:00.418 +0100 INFO: bitronix.tm.recovery.Recoverer recovery committed 0 dangling transaction(s) and rolled back 0 aborted transaction(s) on 2 resource(s) [jdbc/BusinessDataDSXA, jdbc/bonitaDSXA] (restricted to serverId 'bonita-tomcat-btm-node0')
2018-01-29 10:10:00.450 +0100 INFO: org.apache.catalina.core.StandardService Starting service [Catalina]
2018-01-29 10:10:00.451 +0100 INFO: org.apache.catalina.core.StandardEngine Starting Servlet Engine: Apache Tomcat/8.5.23
2018-01-29 10:10:00.460 +0100 INFO: org.apache.catalina.startup.HostConfig Deploying configuration descriptor [C:\BonitaCommunity-7.6.1-Tomcat-8.5.23\server\conf\Catalina\localhost\bonita.xml]
2018-01-29 10:10:01.630 +0100 INFO: org.apache.jasper.servlet.TldScanner At least one JAR was scanned for TLDs yet contained no TLDs. Enable debug logging for this logger for a complete list of JARs that were scanned but no TLDs were found in them. Skipping unneeded JARs during scanning can improve startup time and JSP compilation time.
2018-01-29 10:10:15.207 +0100 INFO: org.quartz.core.SchedulerSignalerImpl Initialized Scheduler Signaller of type: class org.quartz.core.SchedulerSignalerImpl
2018-01-29 10:10:15.207 +0100 INFO: org.quartz.core.QuartzScheduler Quartz Scheduler v.2.2.1 created.
2018-01-29 10:10:15.209 +0100 INFO: org.quartz.plugins.management.ShutdownHookPlugin Registering Quartz shutdown hook.
2018-01-29 10:10:15.216 +0100 INFO: org.quartz.core.QuartzScheduler Scheduler meta-data: Quartz Scheduler (v2.2.1) 'QuartzScheduler' with instanceId 'NON_CLUSTERED'
  Scheduler class: 'org.quartz.core.QuartzScheduler' - running locally.
  NOT STARTED.
  Currently in standby mode.
  Number of jobs executed: 0
  Using thread pool 'org.quartz.simpl.SimpleThreadPool' - with 5 threads.
  Using job-store 'org.bonitasoft.engine.scheduler.impl.BonitaJobStoreCMT' - which supports persistence. and is not clustered.

2018-01-29 10:10:15.219 +0100 INFO: org.quartz.core.QuartzScheduler JobFactory set to: org.bonitasoft.engine.scheduler.impl.TransactionalSimpleJobFactory@3d86a6f
2018-01-29 10:10:15.256 +0100 INFO: org.quartz.core.QuartzScheduler Scheduler QuartzScheduler_$_NON_CLUSTERED started.
2018-01-29 10:10:17.909 +0100 INFO: org.apache.catalina.startup.HostConfig Deployment of configuration descriptor [C:\BonitaCommunity-7.6.1-Tomcat-8.5.23\server\conf\Catalina\localhost\bonita.xml] has finished in [17,450] ms
2018-01-29 10:10:17.912 +0100 INFO: org.apache.catalina.startup.HostConfig Deploying web application directory [C:\BonitaCommunity-7.6.1-Tomcat-8.5.23\server\webapps\manager]
2018-01-29 10:10:18.042 +0100 INFO: org.apache.jasper.servlet.TldScanner At least one JAR was scanned for TLDs yet contained no TLDs. Enable debug logging for this logger for a complete list of JARs that were scanned but no TLDs were found in them. Skipping unneeded JARs during scanning can improve startup time and JSP compilation time.
2018-01-29 10:10:18.050 +0100 INFO: org.apache.catalina.startup.HostConfig Deployment of web application directory [C:\BonitaCommunity-7.6.1-Tomcat-8.5.23\server\webapps\manager] has finished in [137] ms
2018-01-29 10:10:18.050 +0100 INFO: org.apache.catalina.startup.HostConfig Deploying web application directory [C:\BonitaCommunity-7.6.1-Tomcat-8.5.23\server\webapps\ROOT]
2018-01-29 10:10:18.170 +0100 INFO: org.apache.jasper.servlet.TldScanner At least one JAR was scanned for TLDs yet contained no TLDs. Enable debug logging for this logger for a complete list of JARs that were scanned but no TLDs were found in them. Skipping unneeded JARs during scanning can improve startup time and JSP compilation time.
2018-01-29 10:10:18.173 +0100 INFO: org.apache.catalina.startup.HostConfig Deployment of web application directory [C:\BonitaCommunity-7.6.1-Tomcat-8.5.23\server\webapps\ROOT] has finished in [123] ms
2018-01-29 10:10:18.179 +0100 INFO: org.apache.coyote.http11.Http11NioProtocol Starting ProtocolHandler ["http-nio-8080"]
2018-01-29 10:10:18.192 +0100 INFO: org.apache.coyote.ajp.AjpNioProtocol Starting ProtocolHandler ["ajp-nio-8009"]
2018-01-29 10:10:18.196 +0100 INFO: org.apache.catalina.startup.Catalina Server startup in 18089 ms
2018-01-29 10:17:25.689 +0100 INFO: java.sql.DatabaseMetaData HHH000262: Table not found: BUSINESSOBJECT1
2018-01-29 10:17:25.692 +0100 INFO: java.sql.DatabaseMetaData HHH000262: Table not found: PATIENT
2018-01-29 10:17:25.693 +0100 INFO: java.sql.DatabaseMetaData HHH000262: Table not found: TEST
2018-01-29 10:17:25.695 +0100 INFO: java.sql.DatabaseMetaData HHH000262: Table not found: TESTBUSINESSOBJECT
2018-01-29 10:17:25.696 +0100 INFO: java.sql.DatabaseMetaData HHH000262: Table not found: TRAVELREQUEST
2018-01-29 10:17:25.698 +0100 INFO: java.sql.DatabaseMetaData HHH000262: Table not found: BUSINESSOBJECT1
2018-01-29 10:17:25.700 +0100 INFO: java.sql.DatabaseMetaData HHH000262: Table not found: PATIENT
2018-01-29 10:17:25.702 +0100 INFO: java.sql.DatabaseMetaData HHH000262: Table not found: TEST
2018-01-29 10:17:25.704 +0100 INFO: java.sql.DatabaseMetaData HHH000262: Table not found: TESTBUSINESSOBJECT
2018-01-29 10:17:25.707 +0100 INFO: java.sql.DatabaseMetaData HHH000262: Table not found: TRAVELREQUEST
2018-01-29 10:17:25.709 +0100 INFO: java.sql.DatabaseMetaData HHH000262: Table not found: BUSINESSOBJECT1
2018-01-29 10:17:25.712 +0100 INFO: java.sql.DatabaseMetaData HHH000262: Table not found: PATIENT
2018-01-29 10:17:25.715 +0100 INFO: java.sql.DatabaseMetaData HHH000262: Table not found: TEST
2018-01-29 10:17:25.718 +0100 INFO: java.sql.DatabaseMetaData HHH000262: Table not found: TESTBUSINESSOBJECT
2018-01-29 10:17:25.721 +0100 INFO: java.sql.DatabaseMetaData HHH000262: Table not found: TRAVELREQUEST
2018-01-29 10:17:25.724 +0100 INFO: java.sql.DatabaseMetaData HHH000262: Table not found: hibernate_sequence
2018-01-29 10:24:22.064 +0100 INFO: org.apache.catalina.core.StandardServer A valid shutdown command was received via the shutdown port. Stopping the Server instance.
2018-01-29 10:24:22.064 +0100 INFO: org.apache.coyote.http11.Http11NioProtocol Pausing ProtocolHandler ["http-nio-8080"]
2018-01-29 10:24:22.162 +0100 INFO: org.apache.coyote.ajp.AjpNioProtocol Pausing ProtocolHandler ["ajp-nio-8009"]
2018-01-29 10:24:22.262 +0100 INFO: org.apache.catalina.core.StandardService Stopping service [Catalina]
2018-01-29 10:24:22.301 +0100 INFO: org.quartz.core.QuartzScheduler Scheduler QuartzScheduler_$_NON_CLUSTERED shutting down.
2018-01-29 10:24:22.301 +0100 INFO: org.quartz.core.QuartzScheduler Scheduler QuartzScheduler_$_NON_CLUSTERED paused.
2018-01-29 10:24:22.701 +0100 INFO: org.quartz.core.QuartzScheduler Scheduler QuartzScheduler_$_NON_CLUSTERED shutdown complete.
2018-01-29 10:24:22.750 +0100 SEVERE: org.apache.catalina.loader.WebappClassLoaderBase The web application [bonita] created a ThreadLocal with key of type [org.bonitasoft.engine.transaction.JTATransactionServiceImpl.TransactionServiceContextThreadLocal] (value [org.bonitasoft.engine.transaction.JTATransactionServiceImpl$TransactionServiceContextThreadLocal@1328f610]) and a value of type [org.bonitasoft.engine.transaction.JTATransactionServiceImpl.TransactionServiceContext] (value [org.bonitasoft.engine.transaction.JTATransactionServiceImpl$TransactionServiceContext@787b6d9e]) but failed to remove it when the web application was stopped. Threads are going to be renewed over time to try and avoid a probable memory leak.
2018-01-29 10:24:22.750 +0100 SEVERE: org.apache.catalina.loader.WebappClassLoaderBase The web application [bonita] created a ThreadLocal with key of type [java.lang.ThreadLocal] (value [java.lang.ThreadLocal@20a97c6f]) and a value of type [org.bonitasoft.engine.session.model.impl.SSessionImpl] (value [org.bonitasoft.engine.session.model.impl.SSessionImpl@d6974372]) but failed to remove it when the web application was stopped. Threads are going to be renewed over time to try and avoid a probable memory leak.
2018-01-29 10:24:22.750 +0100 SEVERE: org.apache.catalina.loader.WebappClassLoaderBase The web application [bonita] created a ThreadLocal with key of type [org.bonitasoft.engine.transaction.JTATransactionServiceImpl.TransactionServiceContextThreadLocal] (value [org.bonitasoft.engine.transaction.JTATransactionServiceImpl$TransactionServiceContextThreadLocal@1328f610]) and a value of type [org.bonitasoft.engine.transaction.JTATransactionServiceImpl.TransactionServiceContext] (value [org.bonitasoft.engine.transaction.JTATransactionServiceImpl$TransactionServiceContext@49a7947a]) but failed to remove it when the web application was stopped. Threads are going to be renewed over time to try and avoid a probable memory leak.
2018-01-29 10:24:22.751 +0100 SEVERE: org.apache.catalina.loader.WebappClassLoaderBase The web application [bonita] created a ThreadLocal with key of type [java.lang.ThreadLocal] (value [java.lang.ThreadLocal@20a97c6f]) and a value of type [org.bonitasoft.engine.session.model.impl.SSessionImpl] (value [org.bonitasoft.engine.session.model.impl.SSessionImpl@c2557a02]) but failed to remove it when the web application was stopped. Threads are going to be renewed over time to try and avoid a probable memory leak.
2018-01-29 10:24:22.751 +0100 SEVERE: org.apache.catalina.loader.WebappClassLoaderBase The web application [bonita] created a ThreadLocal with key of type [org.bonitasoft.engine.transaction.JTATransactionServiceImpl.TransactionServiceContextThreadLocal] (value [org.bonitasoft.engine.transaction.JTATransactionServiceImpl$TransactionServiceContextThreadLocal@1328f610]) and a value of type [org.bonitasoft.engine.transaction.JTATransactionServiceImpl.TransactionServiceContext] (value [org.bonitasoft.engine.transaction.JTATransactionServiceImpl$TransactionServiceContext@1deb7328]) but failed to remove it when the web application was stopped. Threads are going to be renewed over time to try and avoid a probable memory leak.
2018-01-29 10:24:22.751 +0100 SEVERE: org.apache.catalina.loader.WebappClassLoaderBase The web application [bonita] created a ThreadLocal with key of type [java.lang.ThreadLocal] (value [java.lang.ThreadLocal@20a97c6f]) and a value of type [org.bonitasoft.engine.session.model.impl.SSessionImpl] (value [org.bonitasoft.engine.session.model.impl.SSessionImpl@3649486c]) but failed to remove it when the web application was stopped. Threads are going to be renewed over time to try and avoid a probable memory leak.
2018-01-29 10:24:22.751 +0100 SEVERE: org.apache.catalina.loader.WebappClassLoaderBase The web application [bonita] created a ThreadLocal with key of type [org.bonitasoft.engine.transaction.JTATransactionServiceImpl.TransactionServiceContextThreadLocal] (value [org.bonitasoft.engine.transaction.JTATransactionServiceImpl$TransactionServiceContextThreadLocal@1328f610]) and a value of type [org.bonitasoft.engine.transaction.JTATransactionServiceImpl.TransactionServiceContext] (value [org.bonitasoft.engine.transaction.JTATransactionServiceImpl$TransactionServiceContext@3edfea96]) but failed to remove it when the web application was stopped. Threads are going to be renewed over time to try and avoid a probable memory leak.
2018-01-29 10:24:22.752 +0100 SEVERE: org.apache.catalina.loader.WebappClassLoaderBase The web application [bonita] created a ThreadLocal with key of type [java.lang.ThreadLocal] (value [java.lang.ThreadLocal@20a97c6f]) and a value of type [org.bonitasoft.engine.session.model.impl.SSessionImpl] (value [org.bonitasoft.engine.session.model.impl.SSessionImpl@84294c53]) but failed to remove it when the web application was stopped. Threads are going to be renewed over time to try and avoid a probable memory leak.
2018-01-29 10:24:22.752 +0100 SEVERE: org.apache.catalina.loader.WebappClassLoaderBase The web application [bonita] created a ThreadLocal with key of type [org.bonitasoft.engine.transaction.JTATransactionServiceImpl.TransactionServiceContextThreadLocal] (value [org.bonitasoft.engine.transaction.JTATransactionServiceImpl$TransactionServiceContextThreadLocal@1328f610]) and a value of type [org.bonitasoft.engine.transaction.JTATransactionServiceImpl.TransactionServiceContext] (value [org.bonitasoft.engine.transaction.JTATransactionServiceImpl$TransactionServiceContext@55feb326]) but failed to remove it when the web application was stopped. Threads are going to be renewed over time to try and avoid a probable memory leak.
2018-01-29 10:24:22.752 +0100 SEVERE: org.apache.catalina.loader.WebappClassLoaderBase The web application [bonita] created a ThreadLocal with key of type [java.lang.ThreadLocal] (value [java.lang.ThreadLocal@20a97c6f]) and a value of type [org.bonitasoft.engine.session.model.impl.SSessionImpl] (value [org.bonitasoft.engine.session.model.impl.SSessionImpl@980a9599]) but failed to remove it when the web application was stopped. Threads are going to be renewed over time to try and avoid a probable memory leak.
2018-01-29 10:24:22.752 +0100 SEVERE: org.apache.catalina.loader.WebappClassLoaderBase The web application [bonita] created a ThreadLocal with key of type [org.bonitasoft.engine.transaction.JTATransactionServiceImpl.TransactionServiceContextThreadLocal] (value [org.bonitasoft.engine.transaction.JTATransactionServiceImpl$TransactionServiceContextThreadLocal@1328f610]) and a value of type [org.bonitasoft.engine.transaction.JTATransactionServiceImpl.TransactionServiceContext] (value [org.bonitasoft.engine.transaction.JTATransactionServiceImpl$TransactionServiceContext@208fe9a7]) but failed to remove it when the web application was stopped. Threads are going to be renewed over time to try and avoid a probable memory leak.
2018-01-29 10:24:22.753 +0100 SEVERE: org.apache.catalina.loader.WebappClassLoaderBase The web application [bonita] created a ThreadLocal with key of type [java.lang.ThreadLocal] (value [java.lang.ThreadLocal@20a97c6f]) and a value of type [org.bonitasoft.engine.session.model.impl.SSessionImpl] (value [org.bonitasoft.engine.session.model.impl.SSessionImpl@2b57b4e3]) but failed to remove it when the web application was stopped. Threads are going to be renewed over time to try and avoid a probable memory leak.
2018-01-29 10:24:22.754 +0100 SEVERE: org.apache.catalina.loader.WebappClassLoaderBase The web application [bonita] created a ThreadLocal with key of type [org.bonitasoft.engine.transaction.JTATransactionServiceImpl.TransactionServiceContextThreadLocal] (value [org.bonitasoft.engine.transaction.JTATransactionServiceImpl$TransactionServiceContextThreadLocal@1328f610]) and a value of type [org.bonitasoft.engine.transaction.JTATransactionServiceImpl.TransactionServiceContext] (value [org.bonitasoft.engine.transaction.JTATransactionServiceImpl$TransactionServiceContext@58ab927d]) but failed to remove it when the web application was stopped. Threads are going to be renewed over time to try and avoid a probable memory leak.
2018-01-29 10:24:22.754 +0100 SEVERE: org.apache.catalina.loader.WebappClassLoaderBase The web application [bonita] created a ThreadLocal with key of type [java.lang.ThreadLocal] (value [java.lang.ThreadLocal@20a97c6f]) and a value of type [org.bonitasoft.engine.session.model.impl.SSessionImpl] (value [org.bonitasoft.engine.session.model.impl.SSessionImpl@9e6d1725]) but failed to remove it when the web application was stopped. Threads are going to be renewed over time to try and avoid a probable memory leak.
2018-01-29 10:24:22.755 +0100 SEVERE: org.apache.catalina.loader.WebappClassLoaderBase The web application [bonita] created a ThreadLocal with key of type [org.bonitasoft.engine.transaction.JTATransactionServiceImpl.TransactionServiceContextThreadLocal] (value [org.bonitasoft.engine.transaction.JTATransactionServiceImpl$TransactionServiceContextThreadLocal@1328f610]) and a value of type [org.bonitasoft.engine.transaction.JTATransactionServiceImpl.TransactionServiceContext] (value [org.bonitasoft.engine.transaction.JTATransactionServiceImpl$TransactionServiceContext@63ce8311]) but failed to remove it when the web application was stopped. Threads are going to be renewed over time to try and avoid a probable memory leak.
2018-01-29 10:24:22.756 +0100 SEVERE: org.apache.catalina.loader.WebappClassLoaderBase The web application [bonita] created a ThreadLocal with key of type [java.lang.ThreadLocal] (value [java.lang.ThreadLocal@20a97c6f]) and a value of type [org.bonitasoft.engine.session.model.impl.SSessionImpl] (value [org.bonitasoft.engine.session.model.impl.SSessionImpl@7d9cc39b]) but failed to remove it when the web application was stopped. Threads are going to be renewed over time to try and avoid a probable memory leak.
2018-01-29 10:24:22.756 +0100 SEVERE: org.apache.catalina.loader.WebappClassLoaderBase The web application [bonita] created a ThreadLocal with key of type [org.bonitasoft.engine.transaction.JTATransactionServiceImpl.TransactionServiceContextThreadLocal] (value [org.bonitasoft.engine.transaction.JTATransactionServiceImpl$TransactionServiceContextThreadLocal@1328f610]) and a value of type [org.bonitasoft.engine.transaction.JTATransactionServiceImpl.TransactionServiceContext] (value [org.bonitasoft.engine.transaction.JTATransactionServiceImpl$TransactionServiceContext@4f9e229f]) but failed to remove it when the web application was stopped. Threads are going to be renewed over time to try and avoid a probable memory leak.
2018-01-29 10:24:22.757 +0100 SEVERE: org.apache.catalina.loader.WebappClassLoaderBase The web application [bonita] created a ThreadLocal with key of type [java.lang.ThreadLocal] (value [java.lang.ThreadLocal@20a97c6f]) and a value of type [org.bonitasoft.engine.session.model.impl.SSessionImpl] (value [org.bonitasoft.engine.session.model.impl.SSessionImpl@74ac52de]) but failed to remove it when the web application was stopped. Threads are going to be renewed over time to try and avoid a probable memory leak.
2018-01-29 10:24:22.758 +0100 SEVERE: org.apache.catalina.loader.WebappClassLoaderBase The web application [bonita] created a ThreadLocal with key of type [org.bonitasoft.engine.transaction.JTATransactionServiceImpl.TransactionServiceContextThreadLocal] (value [org.bonitasoft.engine.transaction.JTATransactionServiceImpl$TransactionServiceContextThreadLocal@1328f610]) and a value of type [org.bonitasoft.engine.transaction.JTATransactionServiceImpl.TransactionServiceContext] (value [org.bonitasoft.engine.transaction.JTATransactionServiceImpl$TransactionServiceContext@7c94ebf8]) but failed to remove it when the web application was stopped. Threads are going to be renewed over time to try and avoid a probable memory leak.
2018-01-29 10:24:22.759 +0100 SEVERE: org.apache.catalina.loader.WebappClassLoaderBase The web application [bonita] created a ThreadLocal with key of type [java.lang.ThreadLocal] (value [java.lang.ThreadLocal@20a97c6f]) and a value of type [org.bonitasoft.engine.session.model.impl.SSessionImpl] (value [org.bonitasoft.engine.session.model.impl.SSessionImpl@c6aebad1]) but failed to remove it when the web application was stopped. Threads are going to be renewed over time to try and avoid a probable memory leak.
2018-01-29 10:24:22.760 +0100 SEVERE: org.apache.catalina.loader.WebappClassLoaderBase The web application [bonita] created a ThreadLocal with key of type [org.bonitasoft.engine.transaction.JTATransactionServiceImpl.TransactionServiceContextThreadLocal] (value [org.bonitasoft.engine.transaction.JTATransactionServiceImpl$TransactionServiceContextThreadLocal@1328f610]) and a value of type [org.bonitasoft.engine.transaction.JTATransactionServiceImpl.TransactionServiceContext] (value [org.bonitasoft.engine.transaction.JTATransactionServiceImpl$TransactionServiceContext@7828a66d]) but failed to remove it when the web application was stopped. Threads are going to be renewed over time to try and avoid a probable memory leak.
2018-01-29 10:24:22.785 +0100 INFO: org.apache.coyote.http11.Http11NioProtocol Stopping ProtocolHandler ["http-nio-8080"]
2018-01-29 10:24:22.788 +0100 INFO: org.apache.coyote.ajp.AjpNioProtocol Stopping ProtocolHandler ["ajp-nio-8009"]
2018-01-29 10:24:22.789 +0100 INFO: bitronix.tm.integration.tomcat55.BTMLifecycleListener Shutting down Bitronix Transaction Manager
2018-01-29 10:24:22.790 +0100 INFO: bitronix.tm.BitronixTransactionManager shutting down Bitronix Transaction Manager
2018-01-29 10:24:23.232 +0100 INFO: org.apache.coyote.http11.Http11NioProtocol Destroying ProtocolHandler ["http-nio-8080"]
2018-01-29 10:24:23.233 +0100 INFO: org.apache.coyote.ajp.AjpNioProtocol Destroying ProtocolHandler ["ajp-nio-8009"]
